[01:46:34] [ServerMain/INFO]: Environment: Environment[sessionHost=https://sessionserver.mojang.com, servicesHost=https://api.minecraftservices.com, name=PROD]
[01:46:37] [ServerMain/INFO]: Loaded 1290 recipes
[01:46:38] [ServerMain/INFO]: Loaded 1399 advancements
[01:46:38] [Server thread/INFO]: Starting minecraft server version 1.21.1
[01:46:38] [Server thread/INFO]: Loading properties
[01:46:38] [Server thread/INFO]: Default game type: SURVIVAL
[01:46:38] [Server thread/INFO]: Generating keypair
[01:46:39] [Server thread/INFO]: Starting Minecraft server on *:25565
[01:46:39] [Server thread/INFO]: Using epoll channel type
[01:46:39] [Server thread/WARN]: **** SERVER IS RUNNING IN OFFLINE/INSECURE MODE!
[01:46:39] [Server thread/WARN]: The server will make no attempt to authenticate usernames. Beware.
[01:46:39] [Server thread/WARN]: While this makes the game possible to play without internet access, it also opens up the ability for hackers to connect with any username they choose.
[01:46:39] [Server thread/WARN]: To change this, set "online-mode" to "true" in the server.properties file.
[01:46:39] [Server thread/INFO]: Preparing level "world"
[01:46:45] [Server thread/INFO]: Preparing start region for dimension minecraft:overworld
[01:46:46] [Worker-Main-1/INFO]: Preparing spawn area: 0%
[01:46:46] [Worker-Main-1/INFO]: Preparing spawn area: 0%
[01:46:46] [Server thread/INFO]: Time elapsed: 766 ms
[01:46:46] [Server thread/INFO]: Done (7.272s)! For help, type "help"
[01:48:02] [Server thread/INFO]: Gaboooo[/127.120.132.18:39175] logged in with entity id 4 at (11.361972719789755, 65.0, 333.24942853792476)
[01:48:02] [Server thread/INFO]: Gaboooo joined the game
[01:48:06] [Server thread/INFO]: Gaboooo burned to death
[01:48:06] [Server thread/INFO]: Unknown or incomplete command, see below for error
[01:48:06] [Server thread/INFO]: ijo de puta<--[HERE]
[01:48:19] [Server thread/INFO]: Ner0cide[/127.2.216.198:60053] logged in with entity id 499 at (13.083360483834682, 69.0, 401.6022977976186)
[01:48:19] [Server thread/INFO]: Ner0cide joined the game
[01:53:51] [Server thread/INFO]: Gaboooo has made the advancement [Suit Up]
[01:53:51] [Server thread/INFO]: Gaboooo has made the advancement [Isn't It Iron Pick]
